<?xml version="1.0" encoding="UTF-8"?>
<!-- Generated by org.testng.reporters.JUnitXMLReporter -->
<testsuite ignored="0" hostname="DESKTOP-RUC1DE9" failures="0" tests="6" name="Test" time="0.046" errors="0" timestamp="2022-03-14T10:27:55 IST">
  <testcase classname="qaclickacademy.AppiumTest" name="AndroidApp" time="0.005"/>
  <testcase classname="qaclickacademy.AppiumTest" name="IOSApp" time="0.001"/>
  <testcase classname="qaclickacademy.RESTAPITest" name="DeleteTwitter" time="0.0"/>
  <testcase classname="qaclickacademy.RESTAPITest" name="RestAPI" time="0.001"/>
  <testcase classname="qaclickacademy.SeleniumTest" name="BrowserAutomation" time="0.001"/>
  <testcase classname="qaclickacademy.SeleniumTest" name="ElementsUI" time="0.0"/>
</testsuite> <!-- Test -->
