<?xml version="1.0" encoding="UTF-8"?>
<testng-results ignored="0" total="6" passed="6" failed="0" skipped="0">
  <reporter-output>
  </reporter-output>
  <suite started-at="2022-03-14T10:27:55 IST" name="Suite" finished-at="2022-03-14T10:27:55 IST" duration-ms="46">
    <groups>
    </groups>
    <test started-at="2022-03-14T10:27:55 IST" name="Test" finished-at="2022-03-14T10:27:55 IST" duration-ms="46">
      <class name="qaclickacademy.AppiumTest">
        <test-method signature="AndroidApp()[pri:0, instance:qaclickacademy.AppiumTest@bd4dc25]" started-at="2022-03-14T10:27:55 IST" name="AndroidApp" finished-at="2022-03-14T10:27:55 IST" duration-ms="5" status="PASS">
          <reporter-output>
          </reporter-output>
        </test-method> <!-- AndroidApp -->
        <test-method signature="IOSApp()[pri:0, instance:qaclickacademy.AppiumTest@bd4dc25]" started-at="2022-03-14T10:27:55 IST" name="IOSApp" finished-at="2022-03-14T10:27:55 IST" duration-ms="1" status="PASS">
          <reporter-output>
          </reporter-output>
        </test-method> <!-- IOSApp -->
      </class> <!-- qaclickacademy.AppiumTest -->
      <class name="qaclickacademy.RESTAPITest">
        <test-method signature="DeleteTwitter()[pri:0, instance:qaclickacademy.RESTAPITest@56cdfb3b]" started-at="2022-03-14T10:27:55 IST" name="DeleteTwitter" finished-at="2022-03-14T10:27:55 IST" duration-ms="0" status="PASS">
          <reporter-output>
          </reporter-output>
        </test-method> <!-- DeleteTwitter -->
        <test-method signature="RestAPI()[pri:0, instance:qaclickacademy.RESTAPITest@56cdfb3b]" started-at="2022-03-14T10:27:55 IST" name="RestAPI" finished-at="2022-03-14T10:27:55 IST" duration-ms="1" status="PASS">
          <reporter-output>
          </reporter-output>
        </test-method> <!-- RestAPI -->
      </class> <!-- qaclickacademy.RESTAPITest -->
      <class name="qaclickacademy.SeleniumTest">
        <test-method signature="BrowserAutomation()[pri:0, instance:qaclickacademy.SeleniumTest@2b91004a]" started-at="2022-03-14T10:27:55 IST" name="BrowserAutomation" finished-at="2022-03-14T10:27:55 IST" duration-ms="1" status="PASS">
          <reporter-output>
          </reporter-output>
        </test-method> <!-- BrowserAutomation -->
        <test-method signature="ElementsUI()[pri:0, instance:qaclickacademy.SeleniumTest@2b91004a]" started-at="2022-03-14T10:27:55 IST" name="ElementsUI" finished-at="2022-03-14T10:27:55 IST" duration-ms="0" status="PASS">
          <reporter-output>
          </reporter-output>
        </test-method> <!-- ElementsUI -->
      </class> <!-- qaclickacademy.SeleniumTest -->
    </test> <!-- Test -->
  </suite> <!-- Suite -->
</testng-results>
